[23:12:23] [main/INFO]: Environment: authHost='https://authserver.mojang.com', accountsHost='https://api.mojang.com', sessionHost='https://sessionserver.mojang.com', servicesHost='https://api.minecraftservices.com', name='PROD'
[23:12:23] [main/INFO]: Found new data pack file/treecapitator-v2-6-2, loading it automatically
[23:12:23] [main/INFO]: Reloading ResourceManager: Default, MazeRunner, bukkit, treecapitator-v2-6-2
[23:12:24] [Worker-Main-2/INFO]: Loaded 7 recipes
[23:12:25] [Server thread/INFO]: Starting minecraft server version 1.16.5
[23:12:25] [Server thread/INFO]: Loading properties
[23:12:25] [Server thread/INFO]: This server is running Paper version git-Paper-794 (MC: 1.16.5) (Implementing API version 1.16.5-R0.1-SNAPSHOT)
[23:12:25] [Server thread/INFO]: Debug logging is disabled
[23:12:25] [Server thread/INFO]: Using 4 threads for Netty based IO
[23:12:25] [Server thread/INFO]: Server Ping Player Sample Count: 12
[23:12:25] [Server thread/INFO]: Default game type: SURVIVAL
[23:12:25] [Server thread/INFO]: Generating keypair
[23:12:25] [Server thread/INFO]: Starting Minecraft server on *:25565
[23:12:25] [Server thread/INFO]: Using epoll channel type
[23:12:26] [Server thread/INFO]: [LuckPerms] Loading LuckPerms v5.5.53
[23:12:26] [Server thread/INFO]: [LuckPerms] Loading configuration...
[23:12:26] [Server thread/INFO]: [TPA] Loading TPA v3.2.9
[23:12:26] [Server thread/INFO]: [Minepacks] Loading Minepacks v2.5.7-T20260412221601
[23:12:26] [Server thread/INFO]: [Minepacks] PCGF-PluginLib not installed. Switching to standalone mode!
[23:12:26] [Server thread/INFO]: [floodgate] Loading floodgate v2.2.5-SNAPSHOT (b132-5a72b6a)
[23:12:27] [Server thread/WARN]: [floodgate] en_ is not a supported Floodgate language.
[23:12:27] [Server thread/INFO]: [floodgate] Took 608ms to boot Floodgate
[23:12:27] [Server thread/INFO]: [SilkSpawner1_16] Loading SilkSpawner1_16 v1.0-SNAPSHOT
[23:12:27] [Server thread/INFO]: [Sit] Loading Sit v1.7.3
[23:12:27] [Server thread/INFO]: [SkinsRestorer] Loading SkinsRestorer v15.12.3
[23:12:27] [Server thread/INFO]: Server permissions file permissions.yml is empty, ignoring it
[23:12:27] [Server thread/INFO]: [LuckPerms] Enabling LuckPerms v5.5.53
[23:12:27] [Server thread/INFO]:         __    
[23:12:27] [Server thread/INFO]:   |    |__)   LuckPerms v5.5.53
[23:12:27] [Server thread/INFO]:   |___ |      Running on Bukkit - Paper
[23:12:27] [Server thread/INFO]: 
[23:12:27] [Server thread/INFO]: [LuckPerms] Loading storage provider... [H2]
[23:12:28] [Server thread/INFO]: [LuckPerms] Loading internal permission managers...
[23:12:28] [Server thread/INFO]: [LuckPerms] Performing initial data load...
[23:12:28] [Server thread/INFO]: [LuckPerms] Successfully enabled. (took 1383ms)
[23:12:28] [Server thread/INFO]: [SkinsRestorer] Enabling SkinsRestorer v15.12.3
[23:12:29] [Server thread/INFO]: [33;1m[[32;22mSkinsRestorer[33;1m] [0;39m[32;1mRunning on Minecraft [33;1m1.16.5[32;1m.[0;39m
[23:12:29] [Server thread/INFO]: [33;1m[[32;22mSkinsRestorer[33;1m] [0;39mFloodgate skin listener registered[0;39m
[23:12:29] [Server thread/INFO]: [33;1m[[32;22mSkinsRestorer[33;1m] [0;39mUsing paper join listener![0;39m
[23:12:29] [Server thread/WARN]: [33;1m[[32;22mSkinsRestorer[33;1m] [0;39m[33;1m[33;1mYou are running an outdated Java version, please update it to at least Java 21 (your version is 11).[0;39m
[23:12:29] [Server thread/WARN]: [33;1m[[32;22mSkinsRestorer[33;1m] [0;39m[33;1m[33;1mSkinsRestorer no longer officially supports this version of Java, you are currently using an unsupported compatibility build.[0;39m
[23:12:29] [Server thread/WARN]: [33;1m[[32;22mSkinsRestorer[33;1m] [0;39m[33;1m[33;1mYou can still use the plugin, but you may encounter issues that are not present in newer versions of Java.[0;39m
[23:12:29] [Server thread/WARN]: **** SERVER IS RUNNING IN OFFLINE/INSECURE MODE!
[23:12:29] [Server thread/WARN]: The server will make no attempt to authenticate usernames. Beware.
[23:12:29] [Server thread/WARN]: While this makes the game possible to play without internet access, it also opens up the ability for hackers to connect with any username they choose.
[23:12:29] [Server thread/WARN]: To change this, set "online-mode" to "true" in the server.properties file.
[23:12:29] [Server thread/INFO]: Preparing level "world"
[23:12:29] [Server thread/INFO]: Preparing start region for dimension minecraft:overworld
[23:12:30] [Server thread/INFO]: Preparing spawn area: 0%
[23:12:30] [Server thread/INFO]: Preparing spawn area: 0%
[23:12:30] [Server thread/INFO]: Time elapsed: 805 ms
[23:12:30] [Server thread/INFO]: Preparing start region for dimension minecraft:the_nether
[23:12:30] [Server thread/INFO]: Preparing spawn area: 0%
[23:12:30] [Server thread/INFO]: Time elapsed: 202 ms
[23:12:30] [Server thread/INFO]: Preparing start region for dimension minecraft:the_end
[23:12:31] [Server thread/INFO]: Time elapsed: 445 ms
[23:12:31] [Server thread/INFO]: [TPA] Enabling TPA v3.2.9
[23:12:31] [Server thread/INFO]: [Minepacks] Enabling Minepacks v2.5.7-T20260412221601
[23:12:31] [Server thread/INFO]: [Minepacks] Starting Minepacks in standalone mode!
[23:12:31] [Server thread/INFO]: [Minepacks] [32mConfig file successfully loaded.[0m
[23:12:31] [Server thread/INFO]: [Minepacks] [32mLanguage file successfully loaded. Language: english  Author: GeorgH93[0m
[23:12:31] [Server thread/INFO]: [Minepacks] Minepacks-Connection-Pool - Starting...
[23:12:32] [Server thread/INFO]: [Minepacks] Minepacks-Connection-Pool - Start completed.
[23:12:32] [Server thread/INFO]: [Minepacks] [32mItem name language file successfully loaded. Language: english  Author: GeorgH93[0m
[23:12:32] [Server thread/INFO]: [Minepacks] Loading item translations ...
[23:12:32] [Server thread/INFO]: [Minepacks] Finished loading item translations for 829 items.
[23:12:32] [Server thread/INFO]: [Minepacks] [32m Minepacks has been enabled! [33m :) [0m
[23:12:32] [Server thread/INFO]: [floodgate] Enabling floodgate v2.2.5-SNAPSHOT (b132-5a72b6a)
[23:12:32] [Server thread/INFO]: [SilkSpawner1_16] Enabling SilkSpawner1_16 v1.0-SNAPSHOT
[23:12:32] [Server thread/INFO]: [SilkSpawner] plugin has enable
[23:12:32] [Server thread/INFO]: [Sit] Enabling Sit v1.7.3
[23:12:32] [Server thread/INFO]: Running delayed init tasks
[23:12:32] [Server thread/INFO]: Done (7.634s)! For help, type "help"
[23:12:32] [Server thread/WARN]: [io.papermc.paper.util.PaperJvmChecker] ************************************************************
[23:12:32] [Server thread/WARN]: [io.papermc.paper.util.PaperJvmChecker] * WARNING - YOU ARE RUNNING AN OUTDATED VERSION OF JAVA.
[23:12:32] [Server thread/WARN]: [io.papermc.paper.util.PaperJvmChecker] * PAPER WILL STOP BEING COMPATIBLE WITH THIS VERSION OF
[23:12:32] [Server thread/WARN]: [io.papermc.paper.util.PaperJvmChecker] * JAVA WHEN MINECRAFT 1.17 IS RELEASED.
[23:12:32] [Server thread/WARN]: [io.papermc.paper.util.PaperJvmChecker] *
[23:12:32] [Server thread/WARN]: [io.papermc.paper.util.PaperJvmChecker] * Please update the version of Java you use to run Paper
[23:12:32] [Server thread/WARN]: [io.papermc.paper.util.PaperJvmChecker] * to at least Java 16. When Paper for Minecraft 1.17 is
[23:12:32] [Server thread/WARN]: [io.papermc.paper.util.PaperJvmChecker] * released support for versions of Java before 16 will
[23:12:32] [Server thread/WARN]: [io.papermc.paper.util.PaperJvmChecker] * be dropped.
[23:12:32] [Server thread/WARN]: [io.papermc.paper.util.PaperJvmChecker] *
[23:12:32] [Server thread/WARN]: [io.papermc.paper.util.PaperJvmChecker] * Current Java version: 11.0.31
[23:12:32] [Server thread/WARN]: [io.papermc.paper.util.PaperJvmChecker] *
[23:12:32] [Server thread/WARN]: [io.papermc.paper.util.PaperJvmChecker] * Check this forum post for more information: 
[23:12:32] [Server thread/WARN]: [io.papermc.paper.util.PaperJvmChecker] *   https://papermc.io/java16
[23:12:32] [Server thread/WARN]: [io.papermc.paper.util.PaperJvmChecker] ************************************************************
[23:12:32] [Server thread/INFO]: Timings Reset
[23:12:32] [Craft Scheduler Thread - 3/INFO]: [33;1m[[32;22mSkinsRestorer[33;1m] [0;39m[32;1m----------------------------------------------[0;39m
[23:12:32] [Craft Scheduler Thread - 3/INFO]: [33;1m[[32;22mSkinsRestorer[33;1m] [0;39m[32;1m    +===================+[0;39m
[23:12:32] [Craft Scheduler Thread - 3/INFO]: [33;1m[[32;22mSkinsRestorer[33;1m] [0;39m[32;1m    |   SkinsRestorer   |[0;39m
[23:12:32] [Craft Scheduler Thread - 3/INFO]: [33;1m[[32;22mSkinsRestorer[33;1m] [0;39m[32;1m    |-------------------|[0;39m
[23:12:32] [Craft Scheduler Thread - 3/INFO]: [33;1m[[32;22mSkinsRestorer[33;1m] [0;39m[32;1m    |  [34;1m[4m[21mStandalone Mode[0;39m[32;1m  |[0;39m
[23:12:32] [Craft Scheduler Thread - 3/INFO]: [33;1m[[32;22mSkinsRestorer[33;1m] [0;39m[32;1m    +===================+[0;39m
[23:12:32] [Craft Scheduler Thread - 3/INFO]: [33;1m[[32;22mSkinsRestorer[33;1m] [0;39m[32;1m----------------------------------------------[0;39m
[23:12:32] [Craft Scheduler Thread - 3/INFO]: [33;1m[[32;22mSkinsRestorer[33;1m] [0;39m[36;1m    Version: [32;1m15.12.3[0;39m
[23:12:32] [Craft Scheduler Thread - 3/INFO]: [33;1m[[32;22mSkinsRestorer[33;1m] [0;39m[36;1m    Commit: [32;1m03cc9fd[0;39m
[23:12:32] [Craft Scheduler Thread - 3/INFO]: [33;1m[[32;22mSkinsRestorer[33;1m] [0;39m[32;1m    This is the latest version![0;39m
[23:12:32] [Craft Scheduler Thread - 3/INFO]: [33;1m[[32;22mSkinsRestorer[33;1m] [0;39m[32;1m----------------------------------------------[0;39m
[23:12:32] [Craft Scheduler Thread - 3/INFO]: [33;1m[[32;22mSkinsRestorer[33;1m] [0;39m[34;1mDo you have issues? Read our troubleshooting guide: [33;1mhttps://skinsrestorer.net/docs/troubleshooting[0;39m
[23:12:32] [Craft Scheduler Thread - 3/INFO]: [33;1m[[32;22mSkinsRestorer[33;1m] [0;39m[34;1mWant to support SkinsRestorer or receive priority support? Become a supporter: [33;1mhttps://skinsrestorer.net/pricing[0;39m
[23:12:32] [Craft Scheduler Thread - 1/INFO]: [TPA] 插件已成功加载！当前版本为：3.2.9
[23:12:32] [Craft Scheduler Thread - 1/INFO]: [TPA] 正在检查更新...
[23:12:32] [Craft Scheduler Thread - 1/INFO]: [TPA] 当前已是最新版本
[23:12:50] [User Authenticator #1/INFO]: UUID of player MarioIntro is ad10c032-bb56-316a-a321-735e761de903
[23:12:50] [Server thread/INFO]: MarioIntro joined the game
[23:12:51] [Server thread/INFO]: MarioIntro[/10.122.144.160:57248] logged in with entity id 96 at ([world]221.66858192167913, 65.0, -2151.677854552723)
[23:13:02] [User Authenticator #1/INFO]: UUID of player lobito_QWQ is 4f40e78f-251e-3372-8301-d16764529cf3
[23:13:02] [Server thread/INFO]: lobito_QWQ joined the game
[23:13:02] [Server thread/INFO]: lobito_QWQ[/10.122.144.107:58307] logged in with entity id 103 at ([world]220.59917229169, 65.81976211687642, -2153.185521055808)
[23:13:07] [Server thread/INFO]: MarioIntro issued server command: /difficulty hard
[23:13:07] [Server thread/INFO]: [MarioIntro: The difficulty has been set to Hard]
[23:14:58] [Server thread/INFO]: MarioIntro has made the advancement [A Seedy Place]
[23:17:04] [Server thread/INFO]: MarioIntro has made the advancement [Sweet Dreams]
[23:17:08] [Server thread/INFO]: lobito_QWQ has made the advancement [Sweet Dreams]
[23:20:29] [Server thread/INFO]: MarioIntro has made the advancement [Fishy Business]
[23:20:46] [Server thread/INFO]: lobito_QWQ has made the advancement [Fishy Business]
[23:30:36] [Server thread/ERROR]: Block at 266, 59, -2,182 is Block{minecraft:barrier} but has net.minecraft.server.v1_16_R3.TileEntityChest@2ae2016d. Bukkit will attempt to fix this, but there may be additional damage that we cannot recover.
[23:30:49] [Server thread/INFO]: MarioIntro has made the advancement [What a Deal!]
[23:31:04] [Server thread/INFO]: lobito_QWQ has made the advancement [What a Deal!]
[23:35:25] [Server thread/INFO]: lobito_QWQ was burnt to a crisp whilst fighting Skeleton
